0 info it worked if it ends with ok
1 verbose cli [ 'C:\\Program Files\\nodejs\\node.exe',
1 verbose cli   'C:\\Users\\Anna M\\AppData\\Roaming\\npm\\node_modules\\npm\\bin\\npm-cli.js',
1 verbose cli   'run',
1 verbose cli   'dev' ]
2 info using npm@3.8.9
3 info using node@v4.4.4
4 verbose run-script [ 'predev', 'dev', 'postdev' ]
5 info lifecycle wwc_workshop_prep@1.0.0~predev: wwc_workshop_prep@1.0.0
6 silly lifecycle wwc_workshop_prep@1.0.0~predev: no script for predev, continuing
7 info lifecycle wwc_workshop_prep@1.0.0~dev: wwc_workshop_prep@1.0.0
8 verbose lifecycle wwc_workshop_prep@1.0.0~dev: unsafe-perm in lifecycle true
9 verbose lifecycle wwc_workshop_prep@1.0.0~dev: PATH: C:\Users\Anna M\AppData\Roaming\npm\node_modules\npm\bin\node-gyp-bin;C:\Users\Anna M\Desktop\nodejs workshop\www-workshop-prep\node_modules\.bin;C:\Program Files\nodejs;C:\Users\Anna M\AppData\Roaming\npm;C:\Program Files\nodejs\;C:\Program Files (x86)\Intel\iCLS Client\;C:\Program Files\Intel\iCLS Client\;C:\WINDOWS\system32;C:\WINDOWS;C:\WINDOWS\System32\Wbem;C:\WINDOWS\System32\WindowsPowerShell\v1.0\;C:\Program Files (x86)\EgisTec MyWinLocker\x64;C:\Program Files (x86)\EgisTec MyWinLocker\;C:\Program Files (x86)\Intel\OpenCL SDK\2.0\bin\x86;C:\Program Files (x86)\Intel\OpenCL SDK\2.0\bin\x64;C:\Program Files\Intel\Intel(R) Management Engine Components\DAL;C:\Program Files\Intel\Intel(R) Management Engine Components\IPT;C:\Program Files (x86)\Intel\Intel(R) Management Engine Components\DAL;C:\Program Files (x86)\Intel\Intel(R) Management Engine Components\IPT;C:\Program Files\Condusiv Technologies\ExpressCache\;C:\Program Files (x86)\Heroku\bin;C:\Program Files (x86)\git\cmd;C:\Program Files (x86)\Skype\Phone\;C:\WINDOWS\system32\config\systemprofile\.dnx\bin;C:\Program Files\Microsoft DNX\Dnvm\;C:\Program Files (x86)\Brackets\command;C:\Program Files\Git\cmd;C:\Program Files\nodejs\;C:\Program Files (x86)\Git\cmd;C:\RailsInstaller\Ruby2.1.0\bin;C:\RailsInstaller\Git\cmd;C:\RailsInstaller\Ruby1.9.3\bin;C:\Users\Anna M\AppData\Roaming\npm
10 verbose lifecycle wwc_workshop_prep@1.0.0~dev: CWD: C:\Users\Anna M\Desktop\nodejs workshop\www-workshop-prep
11 silly lifecycle wwc_workshop_prep@1.0.0~dev: Args: [ '/d /s /c', 'NODE_ENV=development nodemon server.js' ]
12 silly lifecycle wwc_workshop_prep@1.0.0~dev: Returned: code: 1  signal: null
13 info lifecycle wwc_workshop_prep@1.0.0~dev: Failed to exec dev script
14 verbose stack Error: wwc_workshop_prep@1.0.0 dev: `NODE_ENV=development nodemon server.js`
14 verbose stack Exit status 1
14 verbose stack     at EventEmitter.<anonymous> (C:\Users\Anna M\AppData\Roaming\npm\node_modules\npm\lib\utils\lifecycle.js:245:16)
14 verbose stack     at emitTwo (events.js:87:13)
14 verbose stack     at EventEmitter.emit (events.js:172:7)
14 verbose stack     at ChildProcess.<anonymous> (C:\Users\Anna M\AppData\Roaming\npm\node_modules\npm\lib\utils\spawn.js:24:14)
14 verbose stack     at emitTwo (events.js:87:13)
14 verbose stack     at ChildProcess.emit (events.js:172:7)
14 verbose stack     at maybeClose (internal/child_process.js:827:16)
14 verbose stack     at Process.ChildProcess._handle.onexit (internal/child_process.js:211:5)
15 verbose pkgid wwc_workshop_prep@1.0.0
16 verbose cwd C:\Users\Anna M\Desktop\nodejs workshop\www-workshop-prep
17 error Windows_NT 10.0.10586
18 error argv "C:\\Program Files\\nodejs\\node.exe" "C:\\Users\\Anna M\\AppData\\Roaming\\npm\\node_modules\\npm\\bin\\npm-cli.js" "run" "dev"
19 error node v4.4.4
20 error npm  v3.8.9
21 error code ELIFECYCLE
22 error wwc_workshop_prep@1.0.0 dev: `NODE_ENV=development nodemon server.js`
22 error Exit status 1
23 error Failed at the wwc_workshop_prep@1.0.0 dev script 'NODE_ENV=development nodemon server.js'.
23 error Make sure you have the latest version of node.js and npm installed.
23 error If you do, this is most likely a problem with the wwc_workshop_prep package,
23 error not with npm itself.
23 error Tell the author that this fails on your system:
23 error     NODE_ENV=development nodemon server.js
23 error You can get information on how to open an issue for this project with:
23 error     npm bugs wwc_workshop_prep
23 error Or if that isn't available, you can get their info via:
23 error     npm owner ls wwc_workshop_prep
23 error There is likely additional logging output above.
24 verbose exit [ 1, true ]
